2023-11-15T00:01:23 [INFO] Test suite started
2023-11-15T00:01:25 [WARNING] Low disk space detected on test machine
2023-11-15T00:02:10 [ERROR] Failed to initialize database connection
2023-11-15T00:02:15 [INFO] Running test case TC_001_Login
2023-11-15T00:02:18 [ERROR] Element not found: loginButton
2023-11-15T00:02:20 [WARNING] Test case TC_001_Login took longer than expected (5200ms)
2023-11-15T00:02:25 [INFO] Running test case TC_002_CreateUser
2023-11-15T00:02:30 [WARNING] Password validation regex might be too strict
2023-11-15T00:02:35 [INFO] Test case TC_002_CreateUser passed
2023-11-15T00:02:40 [INFO] Running test case TC_003_DeleteUser
2023-11-15T00:02:45 [ERROR] Permission denied when trying to delete user ID 4521
2023-11-15T00:02:50 [INFO] Running test case TC_004_EditProfile
2023-11-15T00:02:55 [WARNING] Profile image upload took 3200ms (threshold is 3000ms)
2023-11-15T00:03:00 [INFO] Test case TC_004_EditProfile passed
2023-11-15T00:03:05 [INFO] Running test case TC_005_Logout
2023-11-15T00:03:08 [INFO] Test case TC_005_Logout passed
2023-11-15T00:03:10 [ERROR] Failed to generate test report
2023-11-15T00:03:15 [WARNING] Memory usage at 85% capacity
2023-11-15T00:03:20 [INFO] Test suite completed
2023-11-15T00:03:25 [ERROR] Failed to send notification email
2023-11-15T00:03:30 [INFO] Cleaning up test environment
2023-11-15T00:03:35 [WARNING] 3 temporary files not deleted
2023-11-15T00:03:40 [INFO] Process finished